<?xml version="1.0" encoding="UTF-8"?>
<!-- Generated by org.testng.reporters.JUnitReportReporter -->
<testsuite skipped="0" hostname="DIN51003526" name="TestNG.TestNG" tests="1" failures="0" timestamp="20 May 2019 07:14:23 GMT" time="50.437" errors="0">
  <testcase name="loginOnUltimatePage" time="50.437" classname="TestNG.TestNG"/>
</testsuite> <!-- TestNG.TestNG -->
